{
  "stats": {
    "suites": 1,
    "tests": 1,
    "passes": 1,
    "pending": 0,
    "failures": 0,
    "start": "2025-04-17T18:33:01.593Z",
    "end": "2025-04-17T18:33:10.613Z",
    "duration": 9020,
    "testsRegistered": 1,
    "passPercent": 100,
    "pendingPercent": 0,
    "other": 0,
    "hasOther": false,
    "skipped": 0,
    "hasSkipped": false
  },
  "results": [
    {
      "uuid": "e8e27dcf-6cd9-41a7-b20b-1ceea960040c",
      "title": "",
      "fullFile": "C:\\Pribadi\\Boothcamp\\Test Selenium\\Sesi9_Sidiq\\sesi_9\\test_sesi9.js",
      "file": "\\sesi_9\\test_sesi9.js",
      "beforeHooks": [],
      "afterHooks": [],
      "tests": [],
      "suites": [
        {
          "uuid": "8fa64830-8673-41e7-b690-21e85684268b",
          "title": "Google Search Test",
          "fullFile": "C:\\Pribadi\\Boothcamp\\Test Selenium\\Sesi9_Sidiq\\sesi_9\\test_sesi9.js",
          "file": "\\sesi_9\\test_sesi9.js",
          "beforeHooks": [],
          "afterHooks": [],
          "tests": [
            {
              "title": "Visit SauceDemo dan cek page title",
              "fullTitle": "Google Search Test Visit SauceDemo dan cek page title",
              "timedOut": false,
              "duration": 9011,
              "state": "passed",
              "speed": "slow",
              "pass": true,
              "fail": false,
              "pending": false,
              "context": null,
              "code": "driver = await new Builder().forBrowser('chrome').build();\nawait driver.get('https://www.saucedemo.com/');\nconst title = await driver.getTitle();\n\n//Check Login Succes\nlet inputUsername = await driver.findElement(By.xpath('//*[@id=\"user-name\"]'));\nlet inputPassword = await driver.findElement(By.xpath('//*[@id=\"password\"]'));\nlet buttonLogin = await driver.findElement(By.xpath('//*[@id=\"login-button\"]'));\nawait inputUsername.sendKeys('standard_user');\nawait inputPassword.sendKeys('secret_sauce');\nawait buttonLogin.click();\nlet textAppLogo = await driver.findElement(By.xpath('//*[@id=\"header_container\"]/div[1]/div[2]/div'));\nlet logotext = await textAppLogo.getText();\nassert.strictEqual(title, 'Swag Labs');\nlet buttonCart = await driver.wait(\n    until.elementLocated(By.xpath('//*[@id=\"shopping_cart_container\"]/a')),\n    2000\n);\nawait buttonCart.isDisplayed();\n// Dropdown \"Sort By\"\nlet dropdown = await driver.wait(\n    until.elementLocated(By.xpath('//*[@id=\"header_container\"]/div[2]/div/span/select')), \n    2000);\nlet sortDropdown = await driver.findElement(By.xpath('//*[@id=\"header_container\"]/div[2]/div/span/select'));\n// Sort By \"A to Z\" \nawait sortDropdown.findElement(By.xpath('//*[@id=\"header_container\"]/div[2]/div/span/select/option[1]')).click();\n    \nawait driver.sleep(2000);\n// Sort By \"Z to A\"\nawait sortDropdown.findElement(By.xpath('//*[@id=\"header_container\"]/div[2]/div/span/select/option[2]')).click();\n    \nawait driver.sleep(2000);\n      \nawait driver.sleep(3000);\nawait driver.quit();",
              "err": {},
              "uuid": "76836de8-2328-4f1b-ad3d-27c85fde6bb0",
              "parentUUID": "8fa64830-8673-41e7-b690-21e85684268b",
              "isHook": false,
              "skipped": false
            }
          ],
          "suites": [],
          "passes": [
            "76836de8-2328-4f1b-ad3d-27c85fde6bb0"
          ],
          "failures": [],
          "pending": [],
          "skipped": [],
          "duration": 9011,
          "root": false,
          "rootEmpty": false,
          "_timeout": 10000
        }
      ],
      "passes": [],
      "failures": [],
      "pending": [],
      "skipped": [],
      "duration": 0,
      "root": true,
      "rootEmpty": true,
      "_timeout": 10000
    }
  ],
  "meta": {
    "mocha": {
      "version": "10.8.2"
    },
    "mochawesome": {
      "options": {
        "quiet": false,
        "reportFilename": "mochawesome",
        "saveHtml": true,
        "saveJson": true,
        "consoleReporter": "spec",
        "useInlineDiffs": false,
        "code": true
      },
      "version": "7.1.3"
    },
    "marge": {
      "options": null,
      "version": "6.2.0"
    }
  }
}